# JRE version: OpenJDK Runtime Environment (11.0.8+10) (build 11.0.8+10-b944.6842174)
# Java VM: OpenJDK 64-Bit Server VM (11.0.8+10-b944.6842174, mixed mode, tiered, compressed oops, g1 gc, windows-amd64)
Heap:
 garbage-first heap   total 155648K, used 80896K [0x0000000080000000, 0x0000000100000000)
  region size 1024K, 4 young (4096K), 4 survivors (4096K)
 Metaspace       used 43428K, capacity 44314K, committed 44588K, reserved 1087488K
  class space    used 5362K, capacity 5682K, committed 5760K, reserved 1048576K
GC Heap History (20 events):
Event: 6.490 GC heap after
{Heap after GC invocations=9 (full 0):
 garbage-first heap   total 129024K, used 35520K [0x0000000080000000, 0x0000000100000000)
  region size 1024K, 6 young (6144K), 6 survivors (6144K)
 Metaspace       used 42744K, capacity 43674K, committed 43820K, reserved 1087488K
  class space    used 5319K, capacity 5643K, committed 5760K, reserved 1048576K
}
Event: 6.675 GC heap before
{Heap before GC invocations=9 (full 0):
 garbage-first heap   total 129024K, used 83648K [0x0000000080000000, 0x0000000100000000)
  region size 1024K, 53 young (54272K), 6 survivors (6144K)
 Metaspace       used 42766K, capacity 43674K, committed 43820K, reserved 1087488K
  class space    used 5320K, capacity 5643K, committed 5760K, reserved 1048576K
}
Event: 6.680 GC heap after
{Heap after GC invocations=10 (full 0):
 garbage-first heap   total 129024K, used 36963K [0x0000000080000000, 0x0000000100000000)
  region size 1024K, 2 young (2048K), 2 survivors (2048K)
 Metaspace       used 42766K, capacity 43674K, committed 43820K, reserved 1087488K
  class space    used 5320K, capacity 5643K, committed 5760K, reserved 1048576K
}
Event: 6.782 GC heap before
{Heap before GC invocations=10 (full 0):
 garbage-first heap   total 129024K, used 88163K [0x0000000080000000, 0x0000000100000000)
  region size 1024K, 52 young (53248K), 2 survivors (2048K)
 Metaspace       used 42766K, capacity 43674K, committed 43820K, reserved 1087488K
  class space    used 5320K, capacity 5643K, committed 5760K, reserved 1048576K
}
Event: 6.784 GC heap after
{Heap after GC invocations=11 (full 0):
 garbage-first heap   total 129024K, used 37773K [0x0000000080000000, 0x0000000100000000)
  region size 1024K, 3 young (3072K), 3 survivors (3072K)
 Metaspace       used 42766K, capacity 43674K, committed 43820K, reserved 1087488K
  class space    used 5320K, capacity 5643K, committed 5760K, reserved 1048576K
}
Event: 6.893 GC heap before
{Heap before GC invocations=11 (full 0):
 garbage-first heap   total 129024K, used 92045K [0x0000000080000000, 0x0000000100000000)
  region size 1024K, 56 young (57344K), 3 survivors (3072K)
 Metaspace       used 42792K, capacity 43738K, committed 44076K, reserved 1087488K
  class space    used 5323K, capacity 5643K, committed 5760K, reserved 1048576K
}
Event: 6.895 GC heap after
{Heap after GC invocations=12 (full 0):
 garbage-first heap   total 129024K, used 39040K [0x0000000080000000, 0x0000000100000000)
  region size 1024K, 4 young (4096K), 4 survivors (4096K)
 Metaspace       used 42792K, capacity 43738K, committed 44076K, reserved 1087488K
  class space    used 5323K, capacity 5643K, committed 5760K, reserved 1048576K
}
Event: 7.054 GC heap before
{Heap before GC invocations=12 (full 0):
 garbage-first heap   total 129024K, used 95360K [0x0000000080000000, 0x0000000100000000)
  region size 1024K, 59 young (60416K), 4 survivors (4096K)
 Metaspace       used 42796K, capacity 43738K, committed 44076K, reserved 1087488K
  class space    used 5323K, capacity 5643K, committed 5760K, reserved 1048576K
}
Event: 7.057 GC heap after
{Heap after GC invocations=13 (full 0):
 garbage-first heap   total 129024K, used 40470K [0x0000000080000000, 0x0000000100000000)
  region size 1024K, 5 young (5120K), 5 survivors (5120K)
 Metaspace       used 42796K, capacity 43738K, committed 44076K, reserved 1087488K
  class space    used 5323K, capacity 5643K, committed 5760K, reserved 1048576K
}
Event: 7.785 GC heap before
{Heap before GC invocations=13 (full 0):
 garbage-first heap   total 129024K, used 97814K [0x0000000080000000, 0x0000000100000000)
  region size 1024K, 61 young (62464K), 5 survivors (5120K)
 Metaspace       used 43457K, capacity 44362K, committed 44588K, reserved 1087488K
  class space    used 5375K, capacity 5698K, committed 5760K, reserved 1048576K
}
Event: 7.788 GC heap after
{Heap after GC invocations=14 (full 0):
 garbage-first heap   total 129024K, used 42287K [0x0000000080000000, 0x0000000100000000)
  region size 1024K, 6 young (6144K), 6 survivors (6144K)
 Metaspace       used 43457K, capacity 44362K, committed 44588K, reserved 1087488K
  class space    used 5375K, capacity 5698K, committed 5760K, reserved 1048576K
}
Event: 8.059 GC heap before
{Heap before GC invocations=14 (full 0):
 garbage-first heap   total 129024K, used 99631K [0x0000000080000000, 0x0000000100000000)
  region size 1024K, 62 young (63488K), 6 survivors (6144K)
 Metaspace       used 43462K, capacity 44362K, committed 44588K, reserved 1087488K
  class space    used 5375K, capacity 5698K, committed 5760K, reserved 1048576K
}
Event: 8.065 GC heap after
{Heap after GC invocations=15 (full 0):
 garbage-first heap   total 129024K, used 53808K [0x0000000080000000, 0x0000000100000000)
  region size 1024K, 8 young (8192K), 8 survivors (8192K)
 Metaspace       used 43462K, capacity 44362K, committed 44588K, reserved 1087488K
  class space    used 5375K, capacity 5698K, committed 5760K, reserved 1048576K
}
Event: 8.219 GC heap before
{Heap before GC invocations=15 (full 0):
 garbage-first heap   total 129024K, used 97840K [0x0000000080000000, 0x0000000100000000)
  region size 1024K, 51 young (52224K), 8 survivors (8192K)
 Metaspace       used 43462K, capacity 44362K, committed 44588K, reserved 1087488K
  class space    used 5375K, capacity 5698K, committed 5760K, reserved 1048576K
}
Event: 8.227 GC heap after
{Heap after GC invocations=16 (full 0):
 garbage-first heap   total 129024K, used 63322K [0x0000000080000000, 0x0000000100000000)
  region size 1024K, 7 young (7168K), 7 survivors (7168K)
 Metaspace       used 43462K, capacity 44362K, committed 44588K, reserved 1087488K
  class space    used 5375K, capacity 5698K, committed 5760K, reserved 1048576K
}
Event: 8.371 GC heap before
{Heap before GC invocations=16 (full 0):
 garbage-first heap   total 129024K, used 96090K [0x0000000080000000, 0x0000000100000000)
  region size 1024K, 39 young (39936K), 7 survivors (7168K)
 Metaspace       used 43462K, capacity 44362K, committed 44588K, reserved 1087488K
  class space    used 5375K, capacity 5698K, committed 5760K, reserved 1048576K
}
Event: 8.375 GC heap after
{Heap after GC invocations=17 (full 0):
 garbage-first heap   total 129024K, used 70656K [0x0000000080000000, 0x0000000100000000)
  region size 1024K, 5 young (5120K), 5 survivors (5120K)
 Metaspace       used 43462K, capacity 44362K, committed 44588K, reserved 1087488K
  class space    used 5375K, capacity 5698K, committed 5760K, reserved 1048576K
}
Event: 8.480 GC heap before
{Heap before GC invocations=17 (full 0):
 garbage-first heap   total 129024K, used 98304K [0x0000000080000000, 0x0000000100000000)
  region size 1024K, 32 young (32768K), 5 survivors (5120K)
 Metaspace       used 43462K, capacity 44362K, committed 44588K, reserved 1087488K
  class space    used 5375K, capacity 5698K, committed 5760K, reserved 1048576K
}
Event: 8.484 GC heap after
{Heap after GC invocations=18 (full 0):
 garbage-first heap   total 129024K, used 76638K [0x0000000080000000, 0x0000000100000000)
  region size 1024K, 4 young (4096K), 4 survivors (4096K)
 Metaspace       used 43462K, capacity 44362K, committed 44588K, reserved 1087488K
  class space    used 5375K, capacity 5698K, committed 5760K, reserved 1048576K
}
Event: 8.575 GC heap before
{Heap before GC invocations=19 (full 0):
 garbage-first heap   total 129024K, used 98142K [0x0000000080000000, 0x0000000100000000)
  region size 1024K, 26 young (26624K), 4 survivors (4096K)
 Metaspace       used 43428K, capacity 44314K, committed 44588K, reserved 1087488K
  class space    used 5362K, capacity 5682K, committed 5760K, reserved 1048576K
}

