# JRE version: OpenJDK Runtime Environment (11.0.8+10) (build 11.0.8+10-b944.6842174)
# Java VM: OpenJDK 64-Bit Server VM (11.0.8+10-b944.6842174, mixed mode, tiered, compressed oops, g1 gc, windows-amd64)
Heap:
 garbage-first heap   total 155648K, used 91596K [0x0000000080000000, 0x0000000100000000)
  region size 1024K, 22 young (22528K), 6 survivors (6144K)
 Metaspace       used 43039K, capacity 44013K, committed 44280K, reserved 1087488K
  class space    used 5348K, capacity 5688K, committed 5708K, reserved 1048576K
GC Heap History (20 events):
Event: 2.952 GC heap before
{Heap before GC invocations=2 (full 0):
 garbage-first heap   total 129024K, used 23567K [0x0000000080000000, 0x0000000100000000)
  region size 1024K, 19 young (19456K), 10 survivors (10240K)
 Metaspace       used 20651K, capacity 21059K, committed 21248K, reserved 1069056K
  class space    used 2430K, capacity 2553K, committed 2560K, reserved 1048576K
}
Event: 2.961 GC heap after
{Heap after GC invocations=3 (full 0):
 garbage-first heap   total 129024K, used 16170K [0x0000000080000000, 0x0000000100000000)
  region size 1024K, 1 young (1024K), 1 survivors (1024K)
 Metaspace       used 20651K, capacity 21059K, committed 21248K, reserved 1069056K
  class space    used 2430K, capacity 2553K, committed 2560K, reserved 1048576K
}
Event: 3.639 GC heap before
{Heap before GC invocations=4 (full 0):
 garbage-first heap   total 129024K, used 67370K [0x0000000080000000, 0x0000000100000000)
  region size 1024K, 47 young (48128K), 1 survivors (1024K)
 Metaspace       used 25989K, capacity 26743K, committed 26880K, reserved 1073152K
  class space    used 3305K, capacity 3530K, committed 3584K, reserved 1048576K
}
Event: 3.643 GC heap after
{Heap after GC invocations=5 (full 0):
 garbage-first heap   total 129024K, used 23848K [0x0000000080000000, 0x0000000100000000)
  region size 1024K, 4 young (4096K), 4 survivors (4096K)
 Metaspace       used 25989K, capacity 26743K, committed 26880K, reserved 1073152K
  class space    used 3305K, capacity 3530K, committed 3584K, reserved 1048576K
}
Event: 4.500 GC heap before
{Heap before GC invocations=5 (full 0):
 garbage-first heap   total 129024K, used 77096K [0x0000000080000000, 0x0000000100000000)
  region size 1024K, 53 young (54272K), 4 survivors (4096K)
 Metaspace       used 33414K, capacity 34279K, committed 34560K, reserved 1079296K
  class space    used 4263K, capacity 4558K, committed 4608K, reserved 1048576K
}
Event: 4.505 GC heap after
{Heap after GC invocations=6 (full 0):
 garbage-first heap   total 129024K, used 32299K [0x0000000080000000, 0x0000000100000000)
  region size 1024K, 7 young (7168K), 7 survivors (7168K)
 Metaspace       used 33414K, capacity 34279K, committed 34560K, reserved 1079296K
  class space    used 4263K, capacity 4558K, committed 4608K, reserved 1048576K
}
Event: 4.564 GC heap before
{Heap before GC invocations=6 (full 0):
 garbage-first heap   total 129024K, used 33323K [0x0000000080000000, 0x0000000100000000)
  region size 1024K, 9 young (9216K), 7 survivors (7168K)
 Metaspace       used 34759K, capacity 35527K, committed 35628K, reserved 1081344K
  class space    used 4425K, capacity 4718K, committed 4736K, reserved 1048576K
}
Event: 4.574 GC heap after
{Heap after GC invocations=7 (full 0):
 garbage-first heap   total 129024K, used 33547K [0x0000000080000000, 0x0000000100000000)
  region size 1024K, 1 young (1024K), 1 survivors (1024K)
 Metaspace       used 34759K, capacity 35527K, committed 35628K, reserved 1081344K
  class space    used 4425K, capacity 4718K, committed 4736K, reserved 1048576K
}
Event: 5.002 GC heap before
{Heap before GC invocations=8 (full 0):
 garbage-first heap   total 129024K, used 71435K [0x0000000080000000, 0x0000000100000000)
  region size 1024K, 36 young (36864K), 1 survivors (1024K)
 Metaspace       used 39557K, capacity 40425K, committed 40568K, reserved 1085440K
  class space    used 4989K, capacity 5308K, committed 5324K, reserved 1048576K
}
Event: 5.005 GC heap after
{Heap after GC invocations=9 (full 0):
 garbage-first heap   total 129024K, used 34943K [0x0000000080000000, 0x0000000100000000)
  region size 1024K, 3 young (3072K), 3 survivors (3072K)
 Metaspace       used 39557K, capacity 40425K, committed 40568K, reserved 1085440K
  class space    used 4989K, capacity 5308K, committed 5324K, reserved 1048576K
}
Event: 5.581 GC heap before
{Heap before GC invocations=9 (full 0):
 garbage-first heap   total 129024K, used 73855K [0x0000000080000000, 0x0000000100000000)
  region size 1024K, 41 young (41984K), 3 survivors (3072K)
 Metaspace       used 43024K, capacity 43949K, committed 44024K, reserved 1087488K
  class space    used 5345K, capacity 5688K, committed 5708K, reserved 1048576K
}
Event: 5.586 GC heap after
{Heap after GC invocations=10 (full 0):
 garbage-first heap   total 129024K, used 40398K [0x0000000080000000, 0x0000000100000000)
  region size 1024K, 6 young (6144K), 6 survivors (6144K)
 Metaspace       used 43024K, capacity 43949K, committed 44024K, reserved 1087488K
  class space    used 5345K, capacity 5688K, committed 5708K, reserved 1048576K
}
Event: 5.757 GC heap before
{Heap before GC invocations=10 (full 0):
 garbage-first heap   total 129024K, used 79310K [0x0000000080000000, 0x0000000100000000)
  region size 1024K, 44 young (45056K), 6 survivors (6144K)
 Metaspace       used 43029K, capacity 43949K, committed 44024K, reserved 1087488K
  class space    used 5345K, capacity 5688K, committed 5708K, reserved 1048576K
}
Event: 5.767 GC heap after
{Heap after GC invocations=11 (full 0):
 garbage-first heap   total 129024K, used 50630K [0x0000000080000000, 0x0000000100000000)
  region size 1024K, 6 young (6144K), 6 survivors (6144K)
 Metaspace       used 43029K, capacity 43949K, committed 44024K, reserved 1087488K
  class space    used 5345K, capacity 5688K, committed 5708K, reserved 1048576K
}
Event: 5.880 GC heap before
{Heap before GC invocations=11 (full 0):
 garbage-first heap   total 129024K, used 84422K [0x0000000080000000, 0x0000000100000000)
  region size 1024K, 39 young (39936K), 6 survivors (6144K)
 Metaspace       used 43030K, capacity 43949K, committed 44024K, reserved 1087488K
  class space    used 5346K, capacity 5688K, committed 5708K, reserved 1048576K
}
Event: 5.884 GC heap after
{Heap after GC invocations=12 (full 0):
 garbage-first heap   total 155648K, used 56578K [0x0000000080000000, 0x0000000100000000)
  region size 1024K, 5 young (5120K), 5 survivors (5120K)
 Metaspace       used 43030K, capacity 43949K, committed 44024K, reserved 1087488K
  class space    used 5346K, capacity 5688K, committed 5708K, reserved 1048576K
}
Event: 6.056 GC heap before
{Heap before GC invocations=12 (full 0):
 garbage-first heap   total 155648K, used 99586K [0x0000000080000000, 0x0000000100000000)
  region size 1024K, 47 young (48128K), 5 survivors (5120K)
 Metaspace       used 43030K, capacity 43949K, committed 44024K, reserved 1087488K
  class space    used 5346K, capacity 5688K, committed 5708K, reserved 1048576K
}
Event: 6.062 GC heap after
{Heap after GC invocations=13 (full 0):
 garbage-first heap   total 155648K, used 68608K [0x0000000080000000, 0x0000000100000000)
  region size 1024K, 6 young (6144K), 6 survivors (6144K)
 Metaspace       used 43030K, capacity 43949K, committed 44024K, reserved 1087488K
  class space    used 5346K, capacity 5688K, committed 5708K, reserved 1048576K
}
Event: 6.192 GC heap before
{Heap before GC invocations=13 (full 0):
 garbage-first heap   total 155648K, used 107520K [0x0000000080000000, 0x0000000100000000)
  region size 1024K, 44 young (45056K), 6 survivors (6144K)
 Metaspace       used 43030K, capacity 43949K, committed 44024K, reserved 1087488K
  class space    used 5346K, capacity 5688K, committed 5708K, reserved 1048576K
}
Event: 6.196 GC heap after
{Heap after GC invocations=14 (full 0):
 garbage-first heap   total 155648K, used 76236K [0x0000000080000000, 0x0000000100000000)
  region size 1024K, 6 young (6144K), 6 survivors (6144K)
 Metaspace       used 43030K, capacity 43949K, committed 44024K, reserved 1087488K
  class space    used 5346K, capacity 5688K, committed 5708K, reserved 1048576K
}

